Determining if the pthread_create exist failed with the following output:
Change Dir: /home/eric/workspace/elib/build/CMakeFiles/CMakeTmp

Run Build Command:/usr/bin/make "cmTryCompileExec4076994234/fast"
make[1]: Entering directory `/home/eric/workspace/elib/build/CMakeFiles/CMakeTmp'
/usr/bin/make -f CMakeFiles/cmTryCompileExec4076994234.dir/build.make CMakeFiles/cmTryCompileExec4076994234.dir/build
make[2]: Entering directory `/home/eric/workspace/elib/build/CMakeFiles/CMakeTmp'
/usr/bin/cmake -E cmake_progress_report /home/eric/workspace/elib/build/CMakeFiles/CMakeTmp/CMakeFiles 1
Building C object CMakeFiles/cmTryCompileExec4076994234.dir/CheckSymbolExists.c.o
/usr/bin/cc    -o CMakeFiles/cmTryCompileExec4076994234.dir/CheckSymbolExists.c.o   -c /home/eric/workspace/elib/build/CMakeFiles/CMakeTmp/CheckSymbolExists.c
Linking C executable cmTryCompileExec4076994234
/usr/bin/cmake -E cmake_link_script CMakeFiles/cmTryCompileExec4076994234.dir/link.txt --verbose=1
/usr/bin/cc         CMakeFiles/cmTryCompileExec4076994234.dir/CheckSymbolExists.c.o  -o cmTryCompileExec4076994234 -rdynamic 
CMakeFiles/cmTryCompileExec4076994234.dir/CheckSymbolExists.c.o: In function `main':
CheckSymbolExists.c:(.text+0x16): undefined reference to `pthread_create'
collect2: error: ld returned 1 exit status
make[2]: Leaving directory `/home/eric/workspace/elib/build/CMakeFiles/CMakeTmp'
make[2]: *** [cmTryCompileExec4076994234] Error 1
make[1]: Leaving directory `/home/eric/workspace/elib/build/CMakeFiles/CMakeTmp'
make[1]: *** [cmTryCompileExec4076994234/fast] Error 2

File /home/eric/workspace/elib/build/CMakeFiles/CMakeTmp/CheckSymbolExists.c:
/* */
#include <pthread.h>

int main(int argc, char** argv)
{
  (void)argv;
#ifndef pthread_create
  return ((int*)(&pthread_create))[argc];
#else
  (void)argc;
  return 0;
#endif
}

Determining if the function pthread_create exists in the pthreads failed with the following output:
Change Dir: /home/eric/workspace/elib/build/CMakeFiles/CMakeTmp

Run Build Command:/usr/bin/make "cmTryCompileExec2490785784/fast"
make[1]: Entering directory `/home/eric/workspace/elib/build/CMakeFiles/CMakeTmp'
/usr/bin/make -f CMakeFiles/cmTryCompileExec2490785784.dir/build.make CMakeFiles/cmTryCompileExec2490785784.dir/build
make[2]: Entering directory `/home/eric/workspace/elib/build/CMakeFiles/CMakeTmp'
/usr/bin/cmake -E cmake_progress_report /home/eric/workspace/elib/build/CMakeFiles/CMakeTmp/CMakeFiles 1
Building C object CMakeFiles/cmTryCompileExec2490785784.dir/CheckFunctionExists.c.o
/usr/bin/cc   -DCHECK_FUNCTION_EXISTS=pthread_create   -o CMakeFiles/cmTryCompileExec2490785784.dir/CheckFunctionExists.c.o   -c /usr/share/cmake-2.8/Modules/CheckFunctionExists.c
Linking C executable cmTryCompileExec2490785784
/usr/bin/cmake -E cmake_link_script CMakeFiles/cmTryCompileExec2490785784.dir/link.txt --verbose=1
/usr/bin/cc     -DCHECK_FUNCTION_EXISTS=pthread_create    CMakeFiles/cmTryCompileExec2490785784.dir/CheckFunctionExists.c.o  -o cmTryCompileExec2490785784 -rdynamic -lpthreads 
/usr/bin/ld: cannot find -lpthreads
collect2: error: ld returned 1 exit status
make[2]: Leaving directory `/home/eric/workspace/elib/build/CMakeFiles/CMakeTmp'
make[2]: *** [cmTryCompileExec2490785784] Error 1
make[1]: Leaving directory `/home/eric/workspace/elib/build/CMakeFiles/CMakeTmp'
make[1]: *** [cmTryCompileExec2490785784/fast] Error 2


